2018-12-07 00:28:43,785 root INFO test_all_stocks:13 Logging xueqiu
2018-12-07 00:35:04,280 root INFO test_all_stocks:13 Logging xueqiu
2018-12-07 00:35:11,313 root INFO test_all_stocks:13 Logging xueqiu
2018-12-07 00:35:16,070 root INFO test_all_stocks:13 Logging xueqiu
2018-12-07 00:35:25,094 root INFO test_all_stocks:13 Logging xueqiu
2018-12-07 00:35:34,137 root INFO test_all_stocks:13 Logging xueqiu
2018-12-07 00:36:19,252 root INFO test_all_stocks:13 Logging xueqiu
2018-12-07 00:36:25,282 root INFO test_all_stocks:13 Logging xueqiu
2018-12-07 00:36:32,297 root INFO test_all_stocks:13 Logging xueqiu
2018-12-07 00:38:53,653 root INFO test_all_stocks:13 Logging xueqiu
2018-12-07 00:38:53,669 root INFO test_all_stocks:24 切换到自选页面
2018-12-07 00:39:00,689 root INFO test_all_stocks:34 正在获取股票码
2018-12-07 00:39:01,695 root INFO test_all_stocks:13 Logging xueqiu
2018-12-07 00:39:01,695 root INFO test_all_stocks:44 切换到自选页面
2018-12-07 00:39:09,710 root INFO test_all_stocks:54 正在获取股票码
2018-12-07 00:39:11,725 root INFO test_all_stocks:13 Logging xueqiu
2018-12-07 00:39:11,725 root INFO test_all_stocks:64 切换到自选页面
2018-12-07 00:39:19,756 root INFO test_all_stocks:74 正在获取股票码
2018-12-07 00:47:27,295 root INFO test_login:31 输入错误的电话、密码
2018-12-07 00:47:35,314 root DEBUG test_login:38 获取登录名字
2018-12-07 00:47:38,418 root INFO test_login_session:17 Click user profile to check if user has login
2018-12-07 00:47:39,419 root INFO test_hs:8 start to execute increase top stock
2018-12-07 00:47:39,419 root INFO test_hs:12 start to execute decrease top stock
2018-12-07 00:47:39,419 root INFO test_all_stocks:13 Logging xueqiu
2018-12-07 00:47:39,419 root INFO test_all_stocks:24 切换到自选页面
2018-12-07 00:47:46,444 root INFO test_all_stocks:34 正在获取股票码
2018-12-07 00:47:47,451 root INFO test_all_stocks:13 Logging xueqiu
2018-12-07 00:47:47,451 root INFO test_all_stocks:44 切换到自选页面
2018-12-07 00:47:54,471 root INFO test_all_stocks:54 正在获取股票码
2018-12-07 00:47:55,484 root INFO test_all_stocks:13 Logging xueqiu
2018-12-07 00:47:55,484 root INFO test_all_stocks:64 切换到自选页面
2018-12-07 00:48:02,500 root INFO test_all_stocks:74 正在获取股票码
2018-12-07 00:51:28,105 root INFO test_login:31 输入错误的电话、密码
2018-12-07 00:51:33,114 root DEBUG test_login:38 获取登录名字
2018-12-07 00:51:36,117 root INFO test_login_session:17 Click user profile to check if user has login
2018-12-07 00:51:38,130 root INFO test_hs:8 start to execute increase top stock
2018-12-07 00:51:38,199 root INFO test_hs:12 start to execute decrease top stock
2018-12-07 00:51:38,199 root INFO test_all_stocks:13 Logging xueqiu
2018-12-07 00:51:38,199 root INFO test_all_stocks:24 切换到自选页面
2018-12-07 00:51:43,212 root INFO test_all_stocks:34 正在获取股票码
2018-12-07 00:51:46,223 root INFO test_all_stocks:13 Logging xueqiu
2018-12-07 00:51:46,223 root INFO test_all_stocks:44 切换到自选页面
2018-12-07 00:51:50,233 root INFO test_all_stocks:54 正在获取股票码
2018-12-07 00:51:51,250 root INFO test_all_stocks:13 Logging xueqiu
2018-12-07 00:51:51,251 root INFO test_all_stocks:64 切换到自选页面
2018-12-07 00:51:56,252 root INFO test_all_stocks:74 正在获取股票码
2018-12-07 00:52:53,865 root INFO test_login:31 输入错误的电话、密码
2018-12-07 00:52:58,866 root DEBUG test_login:38 获取登录名字
2018-12-07 00:53:02,877 root INFO test_login_session:17 Click user profile to check if user has login
2018-12-07 00:53:05,881 root INFO test_hs:8 start to execute increase top stock
2018-12-07 00:53:05,936 root INFO test_hs:12 start to execute decrease top stock
2018-12-07 00:53:05,936 root INFO test_all_stocks:13 Logging xueqiu
2018-12-07 00:53:05,936 root INFO test_all_stocks:24 切换到自选页面
2018-12-07 00:53:12,938 root INFO test_all_stocks:34 正在获取股票码
2018-12-07 00:53:13,938 root INFO test_all_stocks:13 Logging xueqiu
2018-12-07 00:53:13,938 root INFO test_all_stocks:44 切换到自选页面
2018-12-07 00:53:19,951 root INFO test_all_stocks:54 正在获取股票码
2018-12-07 00:53:21,964 root INFO test_all_stocks:13 Logging xueqiu
2018-12-07 00:53:21,964 root INFO test_all_stocks:64 切换到自选页面
2018-12-07 00:53:29,970 root INFO test_all_stocks:74 正在获取股票码
2018-12-07 00:53:52,880 root INFO test_login:31 输入错误的电话、密码
2018-12-07 00:53:57,882 root DEBUG test_login:38 获取登录名字
2018-12-07 00:54:00,903 root INFO test_login_session:17 Click user profile to check if user has login
2018-12-07 00:54:02,909 root INFO test_hs:8 start to execute increase top stock
2018-12-07 00:54:02,963 root INFO test_hs:12 start to execute decrease top stock
2018-12-07 00:54:02,963 root INFO test_all_stocks:13 Logging xueqiu
2018-12-07 00:54:02,963 root INFO test_all_stocks:26 切换到自选页面
2018-12-07 00:54:08,976 root INFO test_all_stocks:36 正在获取股票码
2018-12-07 00:54:11,978 root INFO test_all_stocks:15 loggout xueqiue
2018-12-07 00:54:11,984 root INFO test_all_stocks:13 Logging xueqiu
2018-12-07 00:54:11,985 root INFO test_all_stocks:46 切换到自选页面
2018-12-07 00:54:16,998 root INFO test_all_stocks:56 正在获取股票码
2018-12-07 00:54:19,000 root INFO test_all_stocks:15 loggout xueqiue
2018-12-07 00:54:19,004 root INFO test_all_stocks:13 Logging xueqiu
2018-12-07 00:54:19,005 root INFO test_all_stocks:66 切换到自选页面
2018-12-07 00:54:25,020 root INFO test_all_stocks:76 正在获取股票码
2018-12-07 00:54:26,048 root INFO test_all_stocks:15 loggout xueqiue
2018-12-07 01:35:43,256 root INFO test_login:33 输入错误的电话、密码
2018-12-07 01:35:50,267 root DEBUG test_login:40 获取登录名字
2018-12-07 01:35:54,295 root INFO test_login_session:18 Click user profile to check if user has login
2018-12-07 01:35:55,316 root INFO test_hs:10 start to execute increase top stock
2018-12-07 01:35:55,379 root INFO test_hs:14 start to execute decrease top stock
2018-12-07 01:35:55,394 root INFO test_all_stocks:13 Logging xueqiu
2018-12-07 01:35:55,394 root INFO test_all_stocks:27 切换到自选页面
2018-12-07 01:35:59,417 root INFO test_all_stocks:37 正在获取股票码
2018-12-07 01:36:00,417 root INFO test_all_stocks:15 loggout xueqiue
2018-12-07 01:36:00,417 root INFO test_all_stocks:13 Logging xueqiu
2018-12-07 01:36:00,417 root INFO test_all_stocks:47 切换到自选页面
2018-12-07 01:36:07,447 root INFO test_all_stocks:57 正在获取股票码
2018-12-07 01:36:09,458 root INFO test_all_stocks:15 loggout xueqiue
2018-12-07 01:36:09,458 root INFO test_all_stocks:13 Logging xueqiu
2018-12-07 01:36:09,458 root INFO test_all_stocks:67 切换到自选页面
2018-12-07 01:36:15,488 root INFO test_all_stocks:77 正在获取股票码
2018-12-07 01:36:17,516 root INFO test_all_stocks:15 loggout xueqiue
2018-12-07 01:38:48,419 root INFO test_login:33 输入错误的电话、密码
2018-12-07 01:38:54,429 root DEBUG test_login:40 获取登录名字
2018-12-07 01:38:56,433 root INFO test_login_session:18 Click user profile to check if user has login
2018-12-07 01:39:00,434 root INFO test_hs:10 start to execute increase top stock
2018-12-07 01:39:00,497 root INFO test_hs:15 start to execute decrease top stock
2018-12-07 01:39:00,497 root INFO test_all_stocks:13 Logging xueqiu
2018-12-07 01:39:00,497 root INFO test_all_stocks:27 切换到自选页面
2018-12-07 01:39:07,518 root INFO test_all_stocks:37 正在获取股票码
2018-12-07 01:39:09,521 root INFO test_all_stocks:15 loggout xueqiue
2018-12-07 01:39:09,521 root INFO test_all_stocks:13 Logging xueqiu
2018-12-07 01:39:09,521 root INFO test_all_stocks:47 切换到自选页面
2018-12-07 01:39:14,541 root INFO test_all_stocks:57 正在获取股票码
2018-12-07 01:39:17,548 root INFO test_all_stocks:15 loggout xueqiue
2018-12-07 01:39:17,548 root INFO test_all_stocks:13 Logging xueqiu
2018-12-07 01:39:17,548 root INFO test_all_stocks:67 切换到自选页面
2018-12-07 01:39:20,562 root INFO test_all_stocks:77 正在获取股票码
2018-12-07 01:39:22,575 root INFO test_all_stocks:15 loggout xueqiue
2018-12-07 01:44:28,329 root INFO test_login:18 输入电话、密码
2018-12-07 01:44:35,347 root DEBUG test_login:25 获取登录名字
2018-12-07 01:44:39,352 root INFO test_login:35 输入错误的电话、密码
2018-12-07 01:44:47,377 root DEBUG test_login:42 获取登录名字
2018-12-07 01:44:49,383 root INFO test_login_session:18 Click user profile to check if user has login
2018-12-07 01:44:50,389 root INFO test_hs:10 start to execute increase top stock
2018-12-07 01:44:50,453 root INFO test_hs:15 start to execute decrease top stock
2018-12-07 01:44:50,453 root INFO test_all_stocks:13 Logging xueqiu
2018-12-07 01:44:50,453 root INFO test_all_stocks:27 切换到自选页面
2018-12-07 01:44:55,457 root INFO test_all_stocks:37 正在获取股票码
2018-12-07 01:44:58,458 root INFO test_all_stocks:15 loggout xueqiue
2018-12-07 01:44:58,465 root INFO test_all_stocks:13 Logging xueqiu
2018-12-07 01:44:58,466 root INFO test_all_stocks:47 切换到自选页面
2018-12-07 01:45:02,481 root INFO test_all_stocks:57 正在获取股票码
2018-12-07 01:45:03,491 root INFO test_all_stocks:15 loggout xueqiue
2018-12-07 01:45:03,491 root INFO test_all_stocks:13 Logging xueqiu
2018-12-07 01:45:03,491 root INFO test_all_stocks:67 切换到自选页面
2018-12-07 01:45:07,521 root INFO test_all_stocks:77 正在获取股票码
2018-12-07 01:45:09,528 root INFO test_all_stocks:15 loggout xueqiue
2018-12-07 01:46:05,579 root INFO test_login:18 输入电话、密码
2018-12-07 01:46:10,589 root DEBUG test_login:25 获取登录名字
2018-12-07 01:46:12,594 root INFO test_login:35 输入错误的电话、密码
2018-12-07 01:46:18,608 root DEBUG test_login:42 获取登录名字
2018-12-07 01:46:20,612 root INFO test_login_session:18 Click user profile to check if user has login
2018-12-07 01:46:22,618 root INFO test_hs:10 start to execute increase top stock
2018-12-07 01:46:22,696 root INFO test_hs:15 start to execute decrease top stock
2018-12-07 01:46:22,696 root INFO test_all_stocks:13 Logging xueqiu
2018-12-07 01:46:22,696 root INFO test_all_stocks:27 切换到自选页面
2018-12-07 01:46:29,716 root INFO test_all_stocks:37 正在获取股票码
2018-12-07 01:46:31,725 root INFO test_all_stocks:15 loggout xueqiue
2018-12-07 01:46:31,725 root INFO test_all_stocks:13 Logging xueqiu
2018-12-07 01:46:31,741 root INFO test_all_stocks:47 切换到自选页面
2018-12-07 01:46:38,761 root INFO test_all_stocks:57 正在获取股票码
2018-12-07 01:46:41,768 root INFO test_all_stocks:15 loggout xueqiue
2018-12-07 01:46:41,768 root INFO test_all_stocks:13 Logging xueqiu
2018-12-07 01:46:41,768 root INFO test_all_stocks:67 切换到自选页面
2018-12-07 01:46:48,789 root INFO test_all_stocks:77 正在获取股票码
2018-12-07 01:46:49,810 root INFO test_all_stocks:15 loggout xueqiue
2018-12-07 01:48:40,884 root INFO test_login:19 输入电话、密码
2018-12-07 01:48:47,885 root DEBUG test_login:26 获取登录名字
2018-12-07 01:48:49,900 root INFO test_login:36 输入错误的电话、密码
2018-12-07 01:48:53,901 root DEBUG test_login:43 获取登录名字
2018-12-07 01:48:55,913 root INFO test_login_session:18 Click user profile to check if user has login
2018-12-07 01:48:57,922 root INFO test_hs:10 start to execute increase top stock
2018-12-07 01:48:57,987 root INFO test_hs:15 start to execute decrease top stock
2018-12-07 01:48:57,991 root INFO test_all_stocks:13 Logging xueqiu
2018-12-07 01:48:57,991 root INFO test_all_stocks:27 切换到自选页面
2018-12-07 01:49:04,993 root INFO test_all_stocks:37 正在获取股票码
2018-12-07 01:49:06,995 root INFO test_all_stocks:15 loggout xueqiue
2018-12-07 01:49:07,009 root INFO test_all_stocks:13 Logging xueqiu
2018-12-07 01:49:07,011 root INFO test_all_stocks:47 切换到自选页面
2018-12-07 01:49:12,013 root INFO test_all_stocks:57 正在获取股票码
2018-12-07 01:49:14,014 root INFO test_all_stocks:15 loggout xueqiue
2018-12-07 01:49:14,028 root INFO test_all_stocks:13 Logging xueqiu
2018-12-07 01:49:14,029 root INFO test_all_stocks:67 切换到自选页面
2018-12-07 01:49:20,031 root INFO test_all_stocks:77 正在获取股票码
2018-12-07 01:49:21,052 root INFO test_all_stocks:15 loggout xueqiue
2018-12-07 01:55:49,891 root INFO test_login:19 输入电话、密码
2018-12-07 01:55:56,892 root DEBUG test_login:26 获取登录名字
2018-12-07 01:55:59,909 root INFO test_login:36 输入错误的电话、密码
2018-12-07 01:56:06,909 root DEBUG test_login:43 获取登录名字
2018-12-07 01:56:08,913 root INFO test_login_session:18 Click user profile to check if user has login
2018-12-07 01:56:09,919 root INFO test_hs:10 start to execute increase top stock
2018-12-07 01:56:09,993 root INFO test_hs:15 start to execute decrease top stock
2018-12-07 01:56:09,999 root INFO test_all_stocks:13 Logging xueqiu
2018-12-07 01:56:09,999 root INFO test_all_stocks:27 切换到自选页面
2018-12-07 01:56:18,002 root INFO test_all_stocks:37 正在获取股票码
2018-12-07 01:56:21,004 root INFO test_all_stocks:15 loggout xueqiue
2018-12-07 01:56:21,010 root INFO test_all_stocks:13 Logging xueqiu
2018-12-07 01:56:21,011 root INFO test_all_stocks:47 切换到自选页面
2018-12-07 01:56:27,013 root INFO test_all_stocks:57 正在获取股票码
2018-12-07 01:56:28,014 root INFO test_all_stocks:15 loggout xueqiue
2018-12-07 01:56:28,018 root INFO test_all_stocks:13 Logging xueqiu
2018-12-07 01:56:28,019 root INFO test_all_stocks:67 切换到自选页面
2018-12-07 01:56:34,022 root INFO test_all_stocks:77 正在获取股票码
2018-12-07 02:03:39,855 root INFO test_login:19 输入电话、密码
2018-12-07 02:03:46,856 root DEBUG test_login:26 获取登录名字
2018-12-07 02:03:48,864 root INFO test_login:36 输入错误的电话、密码
2018-12-07 02:03:54,879 root DEBUG test_login:43 获取登录名字
2018-12-07 02:03:56,886 root INFO test_login:51 param1:True,param2value 1
2018-12-07 02:03:56,886 root INFO test_login:51 param1:False,param2value 1
2018-12-07 02:03:56,886 root INFO test_login:51 param1:True,param2value 2
2018-12-07 02:03:56,902 root INFO test_login:51 param1:False,param2value 2
2018-12-07 02:03:56,902 root INFO test_login_session:18 Click user profile to check if user has login
2018-12-07 02:04:00,916 root INFO test_hs:10 start to execute increase top stock
2018-12-07 02:04:00,978 root INFO test_hs:15 start to execute decrease top stock
2018-12-07 02:04:00,978 root INFO test_all_stocks:13 Logging xueqiu
2018-12-07 02:04:00,978 root INFO test_all_stocks:27 切换到自选页面
2018-12-07 02:04:07,012 root INFO test_all_stocks:37 正在获取股票码
2018-12-07 02:04:09,024 root INFO test_all_stocks:15 loggout xueqiue
2018-12-07 02:04:09,024 root INFO test_all_stocks:13 Logging xueqiu
2018-12-07 02:04:09,024 root INFO test_all_stocks:47 切换到自选页面
2018-12-07 02:04:14,032 root INFO test_all_stocks:57 正在获取股票码
2018-12-07 02:04:15,045 root INFO test_all_stocks:15 loggout xueqiue
2018-12-07 02:04:15,045 root INFO test_all_stocks:13 Logging xueqiu
2018-12-07 02:04:15,045 root INFO test_all_stocks:67 切换到自选页面
2018-12-07 02:04:22,065 root INFO test_all_stocks:77 正在获取股票码
2018-12-07 02:04:25,082 root INFO test_all_stocks:15 loggout xueqiue
2018-12-07 02:08:53,593 root INFO test_login:19 输入电话、密码
2018-12-07 02:09:00,598 root DEBUG test_login:26 获取登录名字
2018-12-07 02:09:03,605 root INFO test_login:36 输入错误的电话、密码
2018-12-07 02:09:10,620 root DEBUG test_login:43 获取登录名字
2018-12-07 02:09:14,630 root INFO test_login:51 param1:tom,param2tom123
2018-12-07 02:09:14,630 root INFO test_login:51 param1:jim,param2tom123
2018-12-07 02:09:14,630 root INFO test_login:51 param1:tom,param2123im
2018-12-07 02:09:14,645 root INFO test_login:51 param1:jim,param2123im
2018-12-07 02:09:14,645 root INFO test_login_session:18 Click user profile to check if user has login
2018-12-07 02:09:18,664 root INFO test_hs:10 start to execute increase top stock
2018-12-07 02:09:18,731 root INFO test_hs:15 start to execute decrease top stock
2018-12-07 02:09:18,731 root INFO test_all_stocks:13 Logging xueqiu
2018-12-07 02:09:18,731 root INFO test_all_stocks:27 切换到自选页面
2018-12-07 02:09:23,733 root INFO test_all_stocks:37 正在获取股票码
2018-12-07 02:09:25,744 root INFO test_all_stocks:15 loggout xueqiue
2018-12-07 02:09:25,744 root INFO test_all_stocks:13 Logging xueqiu
2018-12-07 02:09:25,744 root INFO test_all_stocks:47 切换到自选页面
2018-12-07 02:09:31,770 root INFO test_all_stocks:57 正在获取股票码
2018-12-07 02:09:32,776 root INFO test_all_stocks:15 loggout xueqiue
2018-12-07 02:09:32,791 root INFO test_all_stocks:13 Logging xueqiu
2018-12-07 02:09:32,791 root INFO test_all_stocks:67 切换到自选页面
2018-12-07 02:09:39,799 root INFO test_all_stocks:77 正在获取股票码
2018-12-07 02:09:41,816 root INFO test_all_stocks:15 loggout xueqiue
2018-12-07 02:17:51,372 root INFO test_login:21 输入电话、密码
2018-12-07 02:17:56,383 root DEBUG test_login:28 获取登录名字
2018-12-07 02:17:58,391 root INFO test_login:38 输入错误的电话、密码
2018-12-07 02:18:02,406 root DEBUG test_login:45 获取登录名字
2018-12-07 02:18:05,557 root INFO test_login:59 param1:tom,param2tom123
2018-12-07 02:18:05,573 root INFO test_login:59 param1:jim,param2tom123
2018-12-07 02:18:05,573 root INFO test_login:59 param1:tom,param2123im
2018-12-07 02:18:05,573 root INFO test_login:59 param1:jim,param2123im
2018-12-07 02:18:05,573 root INFO test_login_session:18 Click user profile to check if user has login
2018-12-07 02:18:08,578 root INFO test_hs:10 start to execute increase top stock
2018-12-07 02:18:08,578 root INFO test_hs:15 start to execute decrease top stock
2018-12-07 02:18:08,593 root INFO test_all_stocks:13 Logging xueqiu
2018-12-07 02:18:08,593 root INFO test_all_stocks:27 切换到自选页面
2018-12-07 02:18:16,626 root INFO test_all_stocks:37 正在获取股票码
2018-12-07 02:18:17,631 root INFO test_all_stocks:15 loggout xueqiue
2018-12-07 02:18:17,631 root INFO test_all_stocks:13 Logging xueqiu
2018-12-07 02:18:17,631 root INFO test_all_stocks:47 切换到自选页面
2018-12-07 02:18:21,649 root INFO test_all_stocks:57 正在获取股票码
2018-12-07 02:18:23,649 root INFO test_all_stocks:15 loggout xueqiue
2018-12-07 02:18:23,649 root INFO test_all_stocks:13 Logging xueqiu
2018-12-07 02:18:23,665 root INFO test_all_stocks:67 切换到自选页面
2018-12-07 02:18:31,684 root INFO test_all_stocks:77 正在获取股票码
2018-12-07 02:18:33,693 root INFO test_all_stocks:15 loggout xueqiue
2018-12-07 02:21:17,677 root INFO test_login:21 输入电话、密码
2018-12-07 02:21:25,687 root DEBUG test_login:28 获取登录名字
2018-12-07 02:21:27,693 root INFO test_login:38 输入错误的电话、密码
2018-12-07 02:21:33,703 root DEBUG test_login:45 获取登录名字
2018-12-07 02:21:37,877 root INFO test_login:59 param1:tom,param2tom123
2018-12-07 02:21:37,877 root INFO test_login:59 param1:jim,param2tom123
2018-12-07 02:21:37,877 root INFO test_login:59 param1:tom,param2123im
2018-12-07 02:21:37,877 root INFO test_login:59 param1:jim,param2123im
2018-12-07 02:21:37,877 root INFO test_login_session:18 Click user profile to check if user has login
2018-12-07 02:21:41,908 root INFO test_hs:10 start to execute increase top stock
2018-12-07 02:21:41,908 root INFO test_hs:15 start to execute decrease top stock
2018-12-07 02:21:41,908 root INFO test_all_stocks:13 Logging xueqiu
2018-12-07 02:21:41,908 root INFO test_all_stocks:27 切换到自选页面
2018-12-07 02:21:44,933 root INFO test_all_stocks:37 正在获取股票码
2018-12-07 02:21:45,948 root INFO test_all_stocks:15 loggout xueqiue
2018-12-07 02:21:45,948 root INFO test_all_stocks:13 Logging xueqiu
2018-12-07 02:21:45,948 root INFO test_all_stocks:47 切换到自选页面
2018-12-07 02:21:51,957 root INFO test_all_stocks:57 正在获取股票码
2018-12-07 02:21:53,970 root INFO test_all_stocks:15 loggout xueqiue
2018-12-07 02:21:53,970 root INFO test_all_stocks:13 Logging xueqiu
2018-12-07 02:21:53,970 root INFO test_all_stocks:67 切换到自选页面
2018-12-07 02:22:01,017 root INFO test_all_stocks:77 正在获取股票码
2018-12-07 02:22:02,037 root INFO test_all_stocks:15 loggout xueqiue
2018-12-07 02:23:24,334 root INFO test_login:21 输入电话、密码
2018-12-07 02:23:30,345 root DEBUG test_login:28 获取登录名字
2018-12-07 02:23:33,362 root INFO test_login:38 输入错误的电话、密码
2018-12-07 02:23:39,393 root DEBUG test_login:45 获取登录名字
2018-12-07 02:23:43,530 root INFO test_login:59 param1:tom,param2tom123
2018-12-07 02:23:43,538 root INFO test_login:59 param1:jim,param2tom123
2018-12-07 02:23:43,542 root INFO test_login:59 param1:tom,param2123im
2018-12-07 02:23:43,546 root INFO test_login:59 param1:jim,param2123im
2018-12-07 02:23:43,552 root INFO test_login_session:18 Click user profile to check if user has login
2018-12-07 02:23:46,560 root INFO test_hs:10 start to execute increase top stock
2018-12-07 02:23:46,738 root INFO test_hs:15 start to execute decrease top stock
2018-12-07 02:23:46,748 root INFO test_all_stocks:13 Logging xueqiu
2018-12-07 02:23:46,748 root INFO test_all_stocks:27 切换到自选页面
2018-12-07 02:23:52,789 root INFO test_all_stocks:37 正在获取股票码
2018-12-07 02:23:55,798 root INFO test_all_stocks:15 loggout xueqiue
2018-12-07 02:23:55,806 root INFO test_all_stocks:13 Logging xueqiu
2018-12-07 02:23:55,806 root INFO test_all_stocks:47 切换到自选页面
2018-12-07 02:24:01,838 root INFO test_all_stocks:57 正在获取股票码
2018-12-07 02:24:02,841 root INFO test_all_stocks:15 loggout xueqiue
2018-12-07 02:24:02,852 root INFO test_all_stocks:13 Logging xueqiu
2018-12-07 02:24:02,852 root INFO test_all_stocks:67 切换到自选页面
2018-12-07 02:24:08,858 root INFO test_all_stocks:77 正在获取股票码
2018-12-07 02:24:09,873 root INFO test_all_stocks:15 loggout xueqiue
2018-12-08 00:21:27,328 root INFO test_login:21 输入电话、密码
2018-12-08 00:21:33,334 root DEBUG test_login:28 获取登录名字
2018-12-08 00:21:35,372 root INFO test_hs:15 start to execute decrease top stock
2018-12-08 01:11:02,558 root INFO test_login:22 输入电话、密码
2018-12-08 01:11:07,560 root DEBUG test_login:29 获取登录名字
2018-12-08 01:11:08,428 root INFO test_login:22 输入电话、密码
2018-12-08 01:11:10,581 root INFO test_hs:15 start to execute decrease top stock
2018-12-08 01:11:14,429 root DEBUG test_login:29 获取登录名字
2018-12-08 01:11:16,444 root INFO test_hs:15 start to execute decrease top stock
2018-12-08 01:12:24,076 root INFO test_login:22 输入电话、密码
2018-12-08 01:12:30,101 root DEBUG test_login:29 获取登录名字
2018-12-08 01:12:34,124 root INFO test_hs:15 start to execute decrease top stock
2018-12-08 01:13:15,783 root INFO test_login:22 输入电话、密码
2018-12-08 01:13:20,784 root DEBUG test_login:29 获取登录名字
2018-12-08 01:13:22,818 root INFO test_hs:15 start to execute decrease top stock
2018-12-08 01:16:39,467 root INFO test_login:22 输入电话、密码
2018-12-08 01:16:45,468 root DEBUG test_login:29 获取登录名字
2018-12-08 01:16:47,484 root INFO test_login:39 输入错误的电话、密码
2018-12-08 01:16:54,485 root DEBUG test_login:46 获取登录名字
2018-12-08 01:16:58,558 root INFO test_login:60 param1:tom,param2tom123
2018-12-08 01:16:58,561 root INFO test_login:60 param1:jim,param2tom123
2018-12-08 01:16:58,563 root INFO test_login:60 param1:tom,param2123im
2018-12-08 01:16:58,566 root INFO test_login:60 param1:jim,param2123im
2018-12-08 01:16:58,569 root INFO test_login_session:18 Click user profile to check if user has login
2018-12-08 01:17:00,577 root INFO test_hs:10 start to execute increase top stock
2018-12-08 01:17:00,589 root INFO test_hs:15 start to execute decrease top stock
2018-12-08 01:17:00,594 root INFO test_all_stocks:13 Logging xueqiu
2018-12-08 01:17:00,595 root INFO test_all_stocks:27 切换到自选页面
2018-12-08 01:17:05,597 root INFO test_all_stocks:37 正在获取股票码
2018-12-08 01:17:08,598 root INFO test_all_stocks:15 loggout xueqiue
2018-12-08 01:17:08,606 root INFO test_all_stocks:13 Logging xueqiu
2018-12-08 01:17:08,607 root INFO test_all_stocks:47 切换到自选页面
2018-12-08 01:17:14,610 root INFO test_all_stocks:57 正在获取股票码
2018-12-08 01:17:17,610 root INFO test_all_stocks:15 loggout xueqiue
2018-12-08 01:17:17,621 root INFO test_all_stocks:13 Logging xueqiu
2018-12-08 01:17:17,622 root INFO test_all_stocks:67 切换到自选页面
2018-12-08 01:17:22,624 root INFO test_all_stocks:77 正在获取股票码
2018-12-08 01:17:24,646 root INFO test_all_stocks:15 loggout xueqiue
2018-12-08 01:30:07,162 root INFO test_login:22 输入电话、密码
2018-12-08 01:30:12,188 root DEBUG test_login:29 获取登录名字
2018-12-08 01:30:16,202 root INFO test_login:39 输入错误的电话、密码
2018-12-08 01:30:22,218 root DEBUG test_login:46 获取登录名字
2018-12-08 01:30:24,298 root INFO test_login:60 param1:tom,param2tom123
2018-12-08 01:30:24,298 root INFO test_login:60 param1:jim,param2tom123
2018-12-08 01:30:24,298 root INFO test_login:60 param1:tom,param2123im
2018-12-08 01:30:24,298 root INFO test_login:60 param1:jim,param2123im
2018-12-08 01:30:24,298 root INFO test_login_session:18 Click user profile to check if user has login
2018-12-08 01:30:28,313 root INFO test_hs:10 start to execute increase top stock
2018-12-08 01:30:28,313 root INFO test_hs:15 start to execute decrease top stock
2018-12-08 01:30:28,329 root INFO test_all_stocks:13 Logging xueqiu
2018-12-08 01:30:28,329 root INFO test_all_stocks:27 切换到自选页面
2018-12-08 01:30:34,342 root INFO test_all_stocks:37 正在获取股票码
2018-12-08 01:30:35,344 root INFO test_all_stocks:15 loggout xueqiue
2018-12-08 01:30:35,360 root INFO test_all_stocks:13 Logging xueqiu
2018-12-08 01:30:35,360 root INFO test_all_stocks:47 切换到自选页面
2018-12-08 01:30:38,374 root INFO test_all_stocks:57 正在获取股票码
2018-12-08 01:30:39,383 root INFO test_all_stocks:15 loggout xueqiue
2018-12-08 01:30:39,383 root INFO test_all_stocks:13 Logging xueqiu
2018-12-08 01:30:39,383 root INFO test_all_stocks:67 切换到自选页面
2018-12-08 01:30:45,429 root INFO test_all_stocks:77 正在获取股票码
2018-12-08 01:30:46,454 root INFO test_all_stocks:15 loggout xueqiue
2018-12-08 11:23:32,761 root INFO test_login:22 输入电话、密码
2018-12-08 11:23:38,792 root DEBUG test_login:29 获取登录名字
2018-12-08 11:23:40,809 root INFO test_login:39 输入错误的电话、密码
2018-12-08 11:23:46,824 root DEBUG test_login:46 获取登录名字
2018-12-08 11:23:50,901 root INFO test_login:60 param1:tom,param2tom123
2018-12-08 11:23:50,901 root INFO test_login:60 param1:jim,param2tom123
2018-12-08 11:23:50,916 root INFO test_login:60 param1:tom,param2123im
2018-12-08 11:23:50,916 root INFO test_login:60 param1:jim,param2123im
2018-12-08 11:23:50,916 root INFO test_login_session:18 Click user profile to check if user has login
2018-12-08 11:23:52,917 root INFO test_all_stocks:13 Logging xueqiu
2018-12-08 11:23:52,917 root INFO test_all_stocks:27 切换到自选页面
2018-12-08 11:24:00,948 root INFO test_all_stocks:37 正在获取股票码
2018-12-08 11:24:03,949 root INFO test_all_stocks:15 loggout xueqiue
2018-12-08 11:24:03,965 root INFO test_all_stocks:13 Logging xueqiu
2018-12-08 11:24:03,965 root INFO test_all_stocks:47 切换到自选页面
2018-12-08 11:24:10,995 root INFO test_all_stocks:57 正在获取股票码
2018-12-08 11:24:11,996 root INFO test_all_stocks:15 loggout xueqiue
2018-12-08 11:24:12,011 root INFO test_all_stocks:13 Logging xueqiu
2018-12-08 11:24:12,011 root INFO test_all_stocks:67 切换到自选页面
2018-12-08 11:24:16,042 root INFO test_all_stocks:77 正在获取股票码
2018-12-08 11:24:18,050 root INFO test_all_stocks:15 loggout xueqiue
